mode: set
github.com/Leo-Mart/bookings/internal/handlers/handlers.go:33.62,38.2 1 0
github.com/Leo-Mart/bookings/internal/handlers/handlers.go:41.51,46.2 1 1
github.com/Leo-Mart/bookings/internal/handlers/handlers.go:49.33,51.2 1 1
github.com/Leo-Mart/bookings/internal/handlers/handlers.go:54.67,56.2 1 1
github.com/Leo-Mart/bookings/internal/handlers/handlers.go:59.68,63.2 1 1
github.com/Leo-Mart/bookings/internal/handlers/handlers.go:66.74,68.9 2 1
github.com/Leo-Mart/bookings/internal/handlers/handlers.go:68.9,72.3 3 1
github.com/Leo-Mart/bookings/internal/handlers/handlers.go:74.2,75.16 2 1
github.com/Leo-Mart/bookings/internal/handlers/handlers.go:75.16,79.3 3 0
github.com/Leo-Mart/bookings/internal/handlers/handlers.go:81.2,99.4 10 1
github.com/Leo-Mart/bookings/internal/handlers/handlers.go:104.78,107.16 2 0
github.com/Leo-Mart/bookings/internal/handlers/handlers.go:107.16,111.3 3 0
github.com/Leo-Mart/bookings/internal/handlers/handlers.go:113.2,121.16 5 0
github.com/Leo-Mart/bookings/internal/handlers/handlers.go:121.16,125.3 3 0
github.com/Leo-Mart/bookings/internal/handlers/handlers.go:127.2,128.16 2 0
github.com/Leo-Mart/bookings/internal/handlers/handlers.go:128.16,132.3 3 0
github.com/Leo-Mart/bookings/internal/handlers/handlers.go:134.2,135.16 2 0
github.com/Leo-Mart/bookings/internal/handlers/handlers.go:135.16,139.3 3 0
github.com/Leo-Mart/bookings/internal/handlers/handlers.go:142.2,143.16 2 0
github.com/Leo-Mart/bookings/internal/handlers/handlers.go:143.16,147.3 3 0
github.com/Leo-Mart/bookings/internal/handlers/handlers.go:149.2,166.19 6 0
github.com/Leo-Mart/bookings/internal/handlers/handlers.go:166.19,181.3 7 0
github.com/Leo-Mart/bookings/internal/handlers/handlers.go:183.2,184.16 2 0
github.com/Leo-Mart/bookings/internal/handlers/handlers.go:184.16,188.3 3 0
github.com/Leo-Mart/bookings/internal/handlers/handlers.go:190.2,199.16 3 0
github.com/Leo-Mart/bookings/internal/handlers/handlers.go:199.16,203.3 3 0
github.com/Leo-Mart/bookings/internal/handlers/handlers.go:206.2,239.66 8 0
github.com/Leo-Mart/bookings/internal/handlers/handlers.go:348.71,350.2 1 1
github.com/Leo-Mart/bookings/internal/handlers/handlers.go:353.69,355.2 1 1
github.com/Leo-Mart/bookings/internal/handlers/handlers.go:358.75,360.2 1 1
github.com/Leo-Mart/bookings/internal/handlers/handlers.go:363.79,370.16 5 0
github.com/Leo-Mart/bookings/internal/handlers/handlers.go:370.16,372.3 1 0
github.com/Leo-Mart/bookings/internal/handlers/handlers.go:373.2,374.16 2 0
github.com/Leo-Mart/bookings/internal/handlers/handlers.go:374.16,376.3 1 0
github.com/Leo-Mart/bookings/internal/handlers/handlers.go:378.2,379.16 2 0
github.com/Leo-Mart/bookings/internal/handlers/handlers.go:379.16,382.3 2 0
github.com/Leo-Mart/bookings/internal/handlers/handlers.go:384.2,384.21 1 0
github.com/Leo-Mart/bookings/internal/handlers/handlers.go:384.21,389.3 3 0
github.com/Leo-Mart/bookings/internal/handlers/handlers.go:391.2,403.4 5 0
github.com/Leo-Mart/bookings/internal/handlers/handlers.go:415.79,419.16 2 1
github.com/Leo-Mart/bookings/internal/handlers/handlers.go:419.16,430.3 5 0
github.com/Leo-Mart/bookings/internal/handlers/handlers.go:432.2,443.16 8 1
github.com/Leo-Mart/bookings/internal/handlers/handlers.go:443.16,454.3 5 0
github.com/Leo-Mart/bookings/internal/handlers/handlers.go:455.2,466.14 4 1
github.com/Leo-Mart/bookings/internal/handlers/handlers.go:471.70,473.2 1 1
github.com/Leo-Mart/bookings/internal/handlers/handlers.go:476.81,478.9 2 0
github.com/Leo-Mart/bookings/internal/handlers/handlers.go:478.9,483.3 4 0
github.com/Leo-Mart/bookings/internal/handlers/handlers.go:485.2,499.4 9 0
github.com/Leo-Mart/bookings/internal/handlers/handlers.go:503.73,505.16 2 0
github.com/Leo-Mart/bookings/internal/handlers/handlers.go:505.16,508.3 2 0
github.com/Leo-Mart/bookings/internal/handlers/handlers.go:510.2,511.9 2 0
github.com/Leo-Mart/bookings/internal/handlers/handlers.go:511.9,514.3 2 0
github.com/Leo-Mart/bookings/internal/handlers/handlers.go:516.2,520.63 3 0
github.com/Leo-Mart/bookings/internal/handlers/handlers.go:525.71,537.16 9 0
github.com/Leo-Mart/bookings/internal/handlers/handlers.go:537.16,540.3 2 0
github.com/Leo-Mart/bookings/internal/handlers/handlers.go:542.2,550.63 6 0
github.com/Leo-Mart/bookings/internal/handlers/handlers.go:553.72,557.2 1 1
github.com/Leo-Mart/bookings/internal/handlers/handlers.go:560.76,564.16 3 1
github.com/Leo-Mart/bookings/internal/handlers/handlers.go:564.16,566.3 1 0
github.com/Leo-Mart/bookings/internal/handlers/handlers.go:568.2,575.19 6 1
github.com/Leo-Mart/bookings/internal/handlers/handlers.go:575.19,580.3 2 1
github.com/Leo-Mart/bookings/internal/handlers/handlers.go:582.2,583.16 2 0
github.com/Leo-Mart/bookings/internal/handlers/handlers.go:583.16,588.3 3 0
github.com/Leo-Mart/bookings/internal/handlers/handlers.go:590.2,592.47 3 0
github.com/Leo-Mart/bookings/internal/handlers/handlers.go:597.69,602.2 3 1
github.com/Leo-Mart/bookings/internal/handlers/handlers.go:604.77,606.2 1 1
github.com/Leo-Mart/bookings/internal/handlers/handlers.go:609.83,611.16 2 1
github.com/Leo-Mart/bookings/internal/handlers/handlers.go:611.16,614.3 2 0
github.com/Leo-Mart/bookings/internal/handlers/handlers.go:616.2,621.4 3 1
github.com/Leo-Mart/bookings/internal/handlers/handlers.go:625.83,627.16 2 1
github.com/Leo-Mart/bookings/internal/handlers/handlers.go:627.16,630.3 2 0
github.com/Leo-Mart/bookings/internal/handlers/handlers.go:632.2,637.4 3 1
github.com/Leo-Mart/bookings/internal/handlers/handlers.go:641.83,644.16 3 1
github.com/Leo-Mart/bookings/internal/handlers/handlers.go:644.16,647.3 2 0
github.com/Leo-Mart/bookings/internal/handlers/handlers.go:649.2,661.16 9 1
github.com/Leo-Mart/bookings/internal/handlers/handlers.go:661.16,664.3 2 0
github.com/Leo-Mart/bookings/internal/handlers/handlers.go:666.2,673.4 3 1
github.com/Leo-Mart/bookings/internal/handlers/handlers.go:676.87,678.16 2 0
github.com/Leo-Mart/bookings/internal/handlers/handlers.go:678.16,681.3 2 0
github.com/Leo-Mart/bookings/internal/handlers/handlers.go:683.2,685.16 3 0
github.com/Leo-Mart/bookings/internal/handlers/handlers.go:685.16,688.3 2 0
github.com/Leo-Mart/bookings/internal/handlers/handlers.go:690.2,695.16 5 0
github.com/Leo-Mart/bookings/internal/handlers/handlers.go:695.16,698.3 2 0
github.com/Leo-Mart/bookings/internal/handlers/handlers.go:700.2,706.16 6 0
github.com/Leo-Mart/bookings/internal/handlers/handlers.go:706.16,709.3 2 0
github.com/Leo-Mart/bookings/internal/handlers/handlers.go:711.2,715.16 4 0
github.com/Leo-Mart/bookings/internal/handlers/handlers.go:715.16,718.3 1 0
github.com/Leo-Mart/bookings/internal/handlers/handlers.go:718.8,721.3 1 0
github.com/Leo-Mart/bookings/internal/handlers/handlers.go:725.88,729.34 2 0
github.com/Leo-Mart/bookings/internal/handlers/handlers.go:729.34,733.3 3 0
github.com/Leo-Mart/bookings/internal/handlers/handlers.go:735.2,766.16 23 0
github.com/Leo-Mart/bookings/internal/handlers/handlers.go:766.16,769.3 2 0
github.com/Leo-Mart/bookings/internal/handlers/handlers.go:771.2,773.26 2 0
github.com/Leo-Mart/bookings/internal/handlers/handlers.go:773.26,778.80 3 0
github.com/Leo-Mart/bookings/internal/handlers/handlers.go:778.80,781.4 2 0
github.com/Leo-Mart/bookings/internal/handlers/handlers.go:784.3,785.17 2 0
github.com/Leo-Mart/bookings/internal/handlers/handlers.go:785.17,788.4 2 0
github.com/Leo-Mart/bookings/internal/handlers/handlers.go:790.3,790.34 1 0
github.com/Leo-Mart/bookings/internal/handlers/handlers.go:790.34,791.27 1 0
github.com/Leo-Mart/bookings/internal/handlers/handlers.go:791.27,793.79 1 0
github.com/Leo-Mart/bookings/internal/handlers/handlers.go:793.79,795.6 1 0
github.com/Leo-Mart/bookings/internal/handlers/handlers.go:796.10,799.5 1 0
github.com/Leo-Mart/bookings/internal/handlers/handlers.go:802.3,805.78 3 0
github.com/Leo-Mart/bookings/internal/handlers/handlers.go:808.2,812.4 1 0
github.com/Leo-Mart/bookings/internal/handlers/handlers.go:816.86,818.16 2 0
github.com/Leo-Mart/bookings/internal/handlers/handlers.go:818.16,821.3 2 0
github.com/Leo-Mart/bookings/internal/handlers/handlers.go:823.2,825.16 3 0
github.com/Leo-Mart/bookings/internal/handlers/handlers.go:825.16,828.3 2 0
github.com/Leo-Mart/bookings/internal/handlers/handlers.go:830.2,835.16 4 0
github.com/Leo-Mart/bookings/internal/handlers/handlers.go:835.16,838.3 1 0
github.com/Leo-Mart/bookings/internal/handlers/handlers.go:838.8,841.3 1 0
github.com/Leo-Mart/bookings/internal/handlers/handlers.go:846.85,848.16 2 0
github.com/Leo-Mart/bookings/internal/handlers/handlers.go:848.16,851.3 2 0
github.com/Leo-Mart/bookings/internal/handlers/handlers.go:853.2,855.16 3 0
github.com/Leo-Mart/bookings/internal/handlers/handlers.go:855.16,858.3 2 0
github.com/Leo-Mart/bookings/internal/handlers/handlers.go:860.2,865.16 4 0
github.com/Leo-Mart/bookings/internal/handlers/handlers.go:865.16,867.3 1 0
github.com/Leo-Mart/bookings/internal/handlers/handlers.go:867.8,870.3 1 0
github.com/Leo-Mart/bookings/internal/handlers/handlers.go:875.92,877.16 2 0
github.com/Leo-Mart/bookings/internal/handlers/handlers.go:877.16,880.3 2 0
github.com/Leo-Mart/bookings/internal/handlers/handlers.go:882.2,888.16 4 0
github.com/Leo-Mart/bookings/internal/handlers/handlers.go:888.16,891.3 2 0
github.com/Leo-Mart/bookings/internal/handlers/handlers.go:893.2,895.26 2 0
github.com/Leo-Mart/bookings/internal/handlers/handlers.go:895.26,899.35 2 0
github.com/Leo-Mart/bookings/internal/handlers/handlers.go:899.35,901.35 1 0
github.com/Leo-Mart/bookings/internal/handlers/handlers.go:901.35,904.16 1 0
github.com/Leo-Mart/bookings/internal/handlers/handlers.go:904.16,905.66 1 0
github.com/Leo-Mart/bookings/internal/handlers/handlers.go:905.66,908.21 2 0
github.com/Leo-Mart/bookings/internal/handlers/handlers.go:908.21,910.8 1 0
github.com/Leo-Mart/bookings/internal/handlers/handlers.go:919.2,919.34 1 0
github.com/Leo-Mart/bookings/internal/handlers/handlers.go:919.34,920.43 1 0
github.com/Leo-Mart/bookings/internal/handlers/handlers.go:920.43,926.18 5 0
github.com/Leo-Mart/bookings/internal/handlers/handlers.go:926.18,928.5 1 0
github.com/Leo-Mart/bookings/internal/handlers/handlers.go:932.2,933.110 2 0
